bricks/generate_acadimiat_app/acadimiat/__brick__/acadimiat/build/app/intermediates/manifest_merge_blame_file/release/manifest-merger-blame-release-report.txt
1<?xml version="1.0" encoding="utf-8"?>
2<manifest xmlns:android="http://schemas.android.com/apk/res/android"
3    package="com.omar.academy"
4    android:versionCode="1"
5    android:versionName="1.0.0" >
6
7    <uses-sdk
8        android:minSdkVersion="25"
8-->src/main/AndroidManifest.xml
9        android:targetSdkVersion="33" />
9-->src/main/AndroidManifest.xml
10
11    <uses-permission android:name="android.permission.INTERNET" />
11-->src/main/AndroidManifest.xml:4:5-67
11-->src/main/AndroidManifest.xml:4:22-64
12    <!-- Required to read and write documents from device storage -->
13    <uses-permission android:name="android.permission.WRITE_EXTERNAL_STORAGE" />
13-->src/main/AndroidManifest.xml:6:5-81
13-->src/main/AndroidManifest.xml:6:22-78
14    <!-- Required if you want to record audio annotations -->
15    <uses-permission android:name="android.permission.RECORD_AUDIO" />
15-->src/main/AndroidManifest.xml:8:5-71
15-->src/main/AndroidManifest.xml:8:22-68
16    <uses-permission android:name="com.android.vending.BILLING" />
16-->src/main/AndroidManifest.xml:10:5-67
16-->src/main/AndroidManifest.xml:10:22-64
17    <uses-permission android:name="android.permission.INTERNET" />
17-->src/main/AndroidManifest.xml:4:5-67
17-->src/main/AndroidManifest.xml:4:22-64
18    <uses-permission
18-->src/main/AndroidManifest.xml:12:5-80
19        android:name="android.permission.READ_EXTERNAL_STORAGE"
19-->src/main/AndroidManifest.xml:12:22-77
20        android:maxSdkVersion="32" />
20-->[:open_filex] AndroidManifest.xml:12:9-35
21    <uses-permission android:name="android.permission.INTERNET" />
21-->src/main/AndroidManifest.xml:4:5-67
21-->src/main/AndroidManifest.xml:4:22-64
22    <uses-permission android:name="android.permission.CAMERA" />
22-->src/main/AndroidManifest.xml:15:5-65
22-->src/main/AndroidManifest.xml:15:22-62
23    <uses-permission android:name="android.permission.RECORD_AUDIO" />
23-->src/main/AndroidManifest.xml:8:5-71
23-->src/main/AndroidManifest.xml:8:22-68
24    <uses-permission android:name="android.permission.MODIFY_AUDIO_SETTINGS" />
24-->src/main/AndroidManifest.xml:17:5-80
24-->src/main/AndroidManifest.xml:17:22-77
25    <uses-permission android:name="android.permission.VIDEO_CAPTURE" />
25-->src/main/AndroidManifest.xml:18:5-72
25-->src/main/AndroidManifest.xml:18:22-69
26    <uses-permission android:name="android.permission.AUDIO_CAPTURE" />
26-->src/main/AndroidManifest.xml:19:5-72
26-->src/main/AndroidManifest.xml:19:22-69
27    <uses-permission android:name="android.permission.WAKE_LOCK" />
27-->src/main/AndroidManifest.xml:20:5-67
27-->src/main/AndroidManifest.xml:20:22-65
28    <uses-permission android:name="android.permission.WRITE_EXTERNAL_STORAGE" />
28-->src/main/AndroidManifest.xml:6:5-81
28-->src/main/AndroidManifest.xml:6:22-78
29
30    <queries>
30-->src/main/AndroidManifest.xml:23:5-36:15
31        <intent>
31-->src/main/AndroidManifest.xml:24:9-27:18
32            <action android:name="android.intent.action.VIEW" />
32-->src/main/AndroidManifest.xml:25:13-65
32-->src/main/AndroidManifest.xml:25:21-62
33
34            <data android:scheme="https" />
34-->src/main/AndroidManifest.xml:26:13-44
34-->src/main/AndroidManifest.xml:26:19-41
35        </intent>
36        <intent>
36-->src/main/AndroidManifest.xml:28:9-31:18
37            <action android:name="android.intent.action.DIAL" />
37-->src/main/AndroidManifest.xml:29:13-65
37-->src/main/AndroidManifest.xml:29:21-62
38
39            <data android:scheme="tel" />
39-->src/main/AndroidManifest.xml:26:13-44
39-->src/main/AndroidManifest.xml:26:19-41
40        </intent>
41        <intent>
41-->src/main/AndroidManifest.xml:32:9-35:18
42            <action android:name="android.intent.action.SEND" />
42-->src/main/AndroidManifest.xml:33:13-65
42-->src/main/AndroidManifest.xml:33:21-62
43
44            <data android:mimeType="*/*" />
44-->src/main/AndroidManifest.xml:26:13-44
44-->src/main/AndroidManifest.xml:34:19-41
45        </intent>
46        <intent>
46-->[:file_picker] AndroidManifest.xml:12:9-16:18
47            <action android:name="android.intent.action.GET_CONTENT" />
47-->[:file_picker] AndroidManifest.xml:13:13-72
47-->[:file_picker] AndroidManifest.xml:13:21-69
48
49            <data android:mimeType="*/*" />
49-->src/main/AndroidManifest.xml:26:13-44
49-->src/main/AndroidManifest.xml:34:19-41
50        </intent>
51        <intent>
51-->[:flutter_inappwebview] AndroidManifest.xml:10:9-12:18
52            <action android:name="android.support.customtabs.action.CustomTabsService" />
52-->[:flutter_inappwebview] AndroidManifest.xml:11:13-90
52-->[:flutter_inappwebview] AndroidManifest.xml:11:21-87
53        </intent>
54        <intent>
54-->[androidx.media2:media2-session:1.2.1] AndroidManifest.xml:25:9-27:18
55            <action android:name="android.media.browse.MediaBrowserService" />
55-->[androidx.media2:media2-session:1.2.1] AndroidManifest.xml:26:13-79
55-->[androidx.media2:media2-session:1.2.1] AndroidManifest.xml:26:21-76
56        </intent>
57        <intent>
57-->[androidx.media2:media2-session:1.2.1] AndroidManifest.xml:28:9-30:18
58            <action android:name="androidx.media2.session.MediaSessionService" />
58-->[androidx.media2:media2-session:1.2.1] AndroidManifest.xml:29:13-82
58-->[androidx.media2:media2-session:1.2.1] AndroidManifest.xml:29:21-79
59        </intent>
60        <intent>
60-->[androidx.media2:media2-session:1.2.1] AndroidManifest.xml:31:9-33:18
61            <action android:name="androidx.media2.session.MediaLibraryService" />
61-->[androidx.media2:media2-session:1.2.1] AndroidManifest.xml:32:13-82
61-->[androidx.media2:media2-session:1.2.1] AndroidManifest.xml:32:21-79
62        </intent>
63        <intent>
63-->[com.android.billingclient:billing:6.0.1] AndroidManifest.xml:13:9-15:18
64            <action android:name="com.android.vending.billing.InAppBillingService.BIND" />
64-->[com.android.billingclient:billing:6.0.1] AndroidManifest.xml:14:13-91
64-->[com.android.billingclient:billing:6.0.1] AndroidManifest.xml:14:21-88
65        </intent>
66    </queries>
67
68    <uses-permission android:name="android.permission.POST_NOTIFICATIONS" />
68-->[:awesome_notifications] AndroidManifest.xml:9:5-77
68-->[:awesome_notifications] AndroidManifest.xml:9:22-74
69    <uses-permission android:name="android.permission.BROADCAST_CLOSE_SYSTEM_DIALOGS" />
69-->[:awesome_notifications] AndroidManifest.xml:10:5-89
69-->[:awesome_notifications] AndroidManifest.xml:10:22-86
70    <uses-permission android:name="android.permission.RECEIVE_BOOT_COMPLETED" />
70-->[:awesome_notifications] AndroidManifest.xml:11:5-81
70-->[:awesome_notifications] AndroidManifest.xml:11:22-78
71    <uses-permission android:name="android.permission.VIBRATE" />
71-->[:awesome_notifications] AndroidManifest.xml:12:5-66
71-->[:awesome_notifications] AndroidManifest.xml:12:22-63
72    <uses-permission android:name="android.permission.READ_MEDIA_IMAGES" />
72-->[:open_filex] AndroidManifest.xml:13:5-76
72-->[:open_filex] AndroidManifest.xml:13:22-73
73    <uses-permission android:name="android.permission.READ_MEDIA_VIDEO" />
73-->[:open_filex] AndroidManifest.xml:14:5-75
73-->[:open_filex] AndroidManifest.xml:14:22-72
74    <uses-permission android:name="android.permission.READ_MEDIA_AUDIO" />
74-->[:open_filex] AndroidManifest.xml:15:5-75
74-->[:open_filex] AndroidManifest.xml:15:22-72
75    <uses-permission
75-->[me.carda:AndroidAwnCore:0.8.3] AndroidManifest.xml:10:5-12:38
76        android:name="android.permission.BIND_NOTIFICATION_LISTENER_SERVICE"
76-->[me.carda:AndroidAwnCore:0.8.3] AndroidManifest.xml:11:9-77
77        android:maxSdkVersion="22" />
77-->[me.carda:AndroidAwnCore:0.8.3] AndroidManifest.xml:12:9-35
78    <uses-permission android:name="android.permission.ACCESS_NETWORK_STATE" />
78-->[androidx.work:work-runtime:2.7.0] AndroidManifest.xml:26:5-79
78-->[androidx.work:work-runtime:2.7.0] AndroidManifest.xml:26:22-76
79    <uses-permission android:name="android.permission.FOREGROUND_SERVICE" />
79-->[androidx.work:work-runtime:2.7.0] AndroidManifest.xml:28:5-77
79-->[androidx.work:work-runtime:2.7.0] AndroidManifest.xml:28:22-74
80
81    <permission
81-->[androidx.core:core:1.10.1] AndroidManifest.xml:22:5-24:47
82        android:name="com.omar.academy.DYNAMIC_RECEIVER_NOT_EXPORTED_PERMISSION"
82-->[androidx.core:core:1.10.1] AndroidManifest.xml:23:9-81
83        android:protectionLevel="signature" />
83-->[androidx.core:core:1.10.1] AndroidManifest.xml:24:9-44
84
85    <uses-permission android:name="com.omar.academy.DYNAMIC_RECEIVER_NOT_EXPORTED_PERMISSION" /> <!-- for android -->
85-->[androidx.core:core:1.10.1] AndroidManifest.xml:26:5-97
85-->[androidx.core:core:1.10.1] AndroidManifest.xml:26:22-94
86    <!-- <uses-permission android:name="com.android.launcher.permission.READ_SETTINGS"/> -->
87    <!-- <uses-permission android:name="com.android.launcher.permission.WRITE_SETTINGS"/> -->
88    <!-- <uses-permission android:name="com.android.launcher.permission.INSTALL_SHORTCUT" /> -->
89    <!-- <uses-permission android:name="com.android.launcher.permission.UNINSTALL_SHORTCUT" /> -->
90    <!-- for Samsung -->
91    <uses-permission android:name="com.sec.android.provider.badge.permission.READ" />
91-->[me.leolin:ShortcutBadger:1.1.22] AndroidManifest.xml:19:5-86
91-->[me.leolin:ShortcutBadger:1.1.22] AndroidManifest.xml:19:22-83
92    <uses-permission android:name="com.sec.android.provider.badge.permission.WRITE" /> <!-- for htc -->
92-->[me.leolin:ShortcutBadger:1.1.22] AndroidManifest.xml:20:5-87
92-->[me.leolin:ShortcutBadger:1.1.22] AndroidManifest.xml:20:22-84
93    <uses-permission android:name="com.htc.launcher.permission.READ_SETTINGS" />
93-->[me.leolin:ShortcutBadger:1.1.22] AndroidManifest.xml:23:5-81
93-->[me.leolin:ShortcutBadger:1.1.22] AndroidManifest.xml:23:22-78
94    <uses-permission android:name="com.htc.launcher.permission.UPDATE_SHORTCUT" /> <!-- for sony -->
94-->[me.leolin:ShortcutBadger:1.1.22] AndroidManifest.xml:24:5-83
94-->[me.leolin:ShortcutBadger:1.1.22] AndroidManifest.xml:24:22-80
95    <uses-permission android:name="com.sonyericsson.home.permission.BROADCAST_BADGE" />
95-->[me.leolin:ShortcutBadger:1.1.22] AndroidManifest.xml:27:5-88
95-->[me.leolin:ShortcutBadger:1.1.22] AndroidManifest.xml:27:22-85
96    <uses-permission android:name="com.sonymobile.home.permission.PROVIDER_INSERT_BADGE" /> <!-- for apex -->
96-->[me.leolin:ShortcutBadger:1.1.22] AndroidManifest.xml:28:5-92
96-->[me.leolin:ShortcutBadger:1.1.22] AndroidManifest.xml:28:22-89
97    <uses-permission android:name="com.anddoes.launcher.permission.UPDATE_COUNT" /> <!-- for solid -->
97-->[me.leolin:ShortcutBadger:1.1.22] AndroidManifest.xml:31:5-84
97-->[me.leolin:ShortcutBadger:1.1.22] AndroidManifest.xml:31:22-81
98    <uses-permission android:name="com.majeur.launcher.permission.UPDATE_BADGE" /> <!-- for huawei -->
98-->[me.leolin:ShortcutBadger:1.1.22] AndroidManifest.xml:34:5-83
98-->[me.leolin:ShortcutBadger:1.1.22] AndroidManifest.xml:34:22-80
99    <uses-permission android:name="com.huawei.android.launcher.permission.CHANGE_BADGE" />
99-->[me.leolin:ShortcutBadger:1.1.22] AndroidManifest.xml:37:5-91
99-->[me.leolin:ShortcutBadger:1.1.22] AndroidManifest.xml:37:22-88
100    <uses-permission android:name="com.huawei.android.launcher.permission.READ_SETTINGS" />
100-->[me.leolin:ShortcutBadger:1.1.22] AndroidManifest.xml:38:5-92
100-->[me.leolin:ShortcutBadger:1.1.22] AndroidManifest.xml:38:22-89
101    <uses-permission android:name="com.huawei.android.launcher.permission.WRITE_SETTINGS" /> <!-- for ZUK -->
101-->[me.leolin:ShortcutBadger:1.1.22] AndroidManifest.xml:39:5-93
101-->[me.leolin:ShortcutBadger:1.1.22] AndroidManifest.xml:39:22-90
102    <uses-permission android:name="android.permission.READ_APP_BADGE" /> <!-- for OPPO -->
102-->[me.leolin:ShortcutBadger:1.1.22] AndroidManifest.xml:42:5-73
102-->[me.leolin:ShortcutBadger:1.1.22] AndroidManifest.xml:42:22-70
103    <uses-permission android:name="com.oppo.launcher.permission.READ_SETTINGS" />
103-->[me.leolin:ShortcutBadger:1.1.22] AndroidManifest.xml:45:5-82
103-->[me.leolin:ShortcutBadger:1.1.22] AndroidManifest.xml:45:22-79
104    <uses-permission android:name="com.oppo.launcher.permission.WRITE_SETTINGS" /> <!-- for EvMe -->
104-->[me.leolin:ShortcutBadger:1.1.22] AndroidManifest.xml:46:5-83
104-->[me.leolin:ShortcutBadger:1.1.22] AndroidManifest.xml:46:22-80
105    <uses-permission android:name="me.everything.badger.permission.BADGE_COUNT_READ" />
105-->[me.leolin:ShortcutBadger:1.1.22] AndroidManifest.xml:49:5-88
105-->[me.leolin:ShortcutBadger:1.1.22] AndroidManifest.xml:49:22-85
106    <uses-permission android:name="me.everything.badger.permission.BADGE_COUNT_WRITE" />
106-->[me.leolin:ShortcutBadger:1.1.22] AndroidManifest.xml:50:5-89
106-->[me.leolin:ShortcutBadger:1.1.22] AndroidManifest.xml:50:22-86
107
108    <application
108-->src/main/AndroidManifest.xml:38:5-71:19
109        android:appComponentFactory="androidx.core.app.CoreComponentFactory"
109-->[androidx.core:core:1.10.1] AndroidManifest.xml:28:18-86
110        android:enableOnBackInvokedCallback="true"
110-->src/main/AndroidManifest.xml:41:9-51
111        android:extractNativeLibs="false"
112        android:icon="@mipmap/ic_launcher"
112-->src/main/AndroidManifest.xml:43:9-43
113        android:label="omar"
113-->src/main/AndroidManifest.xml:42:9-29
114        android:largeHeap="true"
114-->src/main/AndroidManifest.xml:39:9-33
115        android:usesCleartextTraffic="true" >
115-->src/main/AndroidManifest.xml:40:9-44
116        <activity
116-->src/main/AndroidManifest.xml:45:9-65:20
117            android:name="com.omar.academy.MainActivity"
117-->src/main/AndroidManifest.xml:46:13-41
118            android:configChanges="orientation|keyboardHidden|keyboard|screenSize|smallestScreenSize|locale|layoutDirection|fontScale|screenLayout|density|uiMode"
118-->src/main/AndroidManifest.xml:50:13-163
119            android:exported="true"
119-->src/main/AndroidManifest.xml:47:13-36
120            android:hardwareAccelerated="true"
120-->src/main/AndroidManifest.xml:51:13-47
121            android:launchMode="singleTop"
121-->src/main/AndroidManifest.xml:48:13-43
122            android:theme="@style/LaunchTheme"
122-->src/main/AndroidManifest.xml:49:13-47
123            android:windowSoftInputMode="adjustResize" >
123-->src/main/AndroidManifest.xml:52:13-55
124
125            <!--
126                 Specifies an Android theme to apply to this Activity as soon as
127                 the Android process has started. This theme is visible to the user
128                 while the Flutter UI initializes. After that, this theme continues
129                 to determine the Window background behind the Flutter UI.
130            -->
131            <meta-data
131-->src/main/AndroidManifest.xml:57:13-60:17
132                android:name="io.flutter.embedding.android.NormalTheme"
132-->src/main/AndroidManifest.xml:58:15-70
133                android:resource="@style/NormalTheme" />
133-->src/main/AndroidManifest.xml:59:15-52
134
135            <intent-filter>
135-->src/main/AndroidManifest.xml:61:13-64:29
136                <action android:name="android.intent.action.MAIN" />
136-->src/main/AndroidManifest.xml:62:17-68
136-->src/main/AndroidManifest.xml:62:25-66
137
138                <category android:name="android.intent.category.LAUNCHER" />
138-->src/main/AndroidManifest.xml:63:17-76
138-->src/main/AndroidManifest.xml:63:27-74
139            </intent-filter>
140        </activity>
141        <!--
142             Don't delete the meta-data below.
143             This is used by the Flutter tool to generate GeneratedPluginRegistrant.java
144        -->
145        <meta-data
145-->src/main/AndroidManifest.xml:68:9-70:33
146            android:name="flutterEmbedding"
146-->src/main/AndroidManifest.xml:69:13-44
147            android:value="2" />
147-->src/main/AndroidManifest.xml:70:13-30
148
149        <activity
149-->[:flutter_inappwebview] AndroidManifest.xml:16:9-20:47
150            android:name="com.pichillilorenzo.flutter_inappwebview.in_app_browser.InAppBrowserActivity"
150-->[:flutter_inappwebview] AndroidManifest.xml:17:13-104
151            android:configChanges="orientation|keyboardHidden|keyboard|screenSize|locale|layoutDirection|fontScale|screenLayout|density"
151-->[:flutter_inappwebview] AndroidManifest.xml:18:13-137
152            android:exported="false"
152-->[:flutter_inappwebview] AndroidManifest.xml:19:13-37
153            android:theme="@style/AppTheme" />
153-->[:flutter_inappwebview] AndroidManifest.xml:20:13-44
154        <activity
154-->[:flutter_inappwebview] AndroidManifest.xml:21:9-24:55
155            android:name="com.pichillilorenzo.flutter_inappwebview.chrome_custom_tabs.ChromeCustomTabsActivity"
155-->[:flutter_inappwebview] AndroidManifest.xml:22:13-112
156            android:exported="false"
156-->[:flutter_inappwebview] AndroidManifest.xml:23:13-37
157            android:theme="@style/ThemeTransparent" />
157-->[:flutter_inappwebview] AndroidManifest.xml:24:13-52
158        <activity
158-->[:flutter_inappwebview] AndroidManifest.xml:25:9-28:55
159            android:name="com.pichillilorenzo.flutter_inappwebview.chrome_custom_tabs.TrustedWebActivity"
159-->[:flutter_inappwebview] AndroidManifest.xml:26:13-106
160            android:exported="false"
160-->[:flutter_inappwebview] AndroidManifest.xml:27:13-37
161            android:theme="@style/ThemeTransparent" />
161-->[:flutter_inappwebview] AndroidManifest.xml:28:13-52
162        <activity
162-->[:flutter_inappwebview] AndroidManifest.xml:29:9-33:55
163            android:name="com.pichillilorenzo.flutter_inappwebview.chrome_custom_tabs.ChromeCustomTabsActivitySingleInstance"
163-->[:flutter_inappwebview] AndroidManifest.xml:30:13-126
164            android:exported="false"
164-->[:flutter_inappwebview] AndroidManifest.xml:31:13-37
165            android:launchMode="singleInstance"
165-->[:flutter_inappwebview] AndroidManifest.xml:32:13-48
166            android:theme="@style/ThemeTransparent" />
166-->[:flutter_inappwebview] AndroidManifest.xml:33:13-52
167        <activity
167-->[:flutter_inappwebview] AndroidManifest.xml:34:9-38:55
168            android:name="com.pichillilorenzo.flutter_inappwebview.chrome_custom_tabs.TrustedWebActivitySingleInstance"
168-->[:flutter_inappwebview] AndroidManifest.xml:35:13-120
169            android:exported="false"
169-->[:flutter_inappwebview] AndroidManifest.xml:36:13-37
170            android:launchMode="singleInstance"
170-->[:flutter_inappwebview] AndroidManifest.xml:37:13-48
171            android:theme="@style/ThemeTransparent" />
171-->[:flutter_inappwebview] AndroidManifest.xml:38:13-52
172
173        <receiver
173-->[:flutter_inappwebview] AndroidManifest.xml:40:9-43:40
174            android:name="com.pichillilorenzo.flutter_inappwebview.chrome_custom_tabs.ActionBroadcastReceiver"
174-->[:flutter_inappwebview] AndroidManifest.xml:41:13-111
175            android:enabled="true"
175-->[:flutter_inappwebview] AndroidManifest.xml:42:13-35
176            android:exported="false" />
176-->[:flutter_inappwebview] AndroidManifest.xml:43:13-37
177
178        <meta-data
178-->[:flutter_inappwebview] AndroidManifest.xml:45:9-47:36
179            android:name="io.flutter.embedded_views_preview"
179-->[:flutter_inappwebview] AndroidManifest.xml:46:13-61
180            android:value="true" />
180-->[:flutter_inappwebview] AndroidManifest.xml:47:13-33
181        <!--
182           Declares a provider which allows us to store files to share in
183           '.../caches/share_plus' and grant the receiving action access
184        -->
185        <provider
185-->[:share_plus] AndroidManifest.xml:15:9-23:20
186            android:name="dev.fluttercommunity.plus.share.ShareFileProvider"
186-->[:share_plus] AndroidManifest.xml:16:13-77
187            android:authorities="com.omar.academy.flutter.share_provider"
187-->[:share_plus] AndroidManifest.xml:17:13-74
188            android:exported="false"
188-->[:share_plus] AndroidManifest.xml:18:13-37
189            android:grantUriPermissions="true" >
189-->[:share_plus] AndroidManifest.xml:19:13-47
190            <meta-data
190-->[:share_plus] AndroidManifest.xml:20:13-22:68
191                android:name="android.support.FILE_PROVIDER_PATHS"
191-->[:share_plus] AndroidManifest.xml:21:17-67
192                android:resource="@xml/flutter_share_file_paths" />
192-->[:share_plus] AndroidManifest.xml:22:17-65
193        </provider>
194        <!--
195           This manifest declared broadcast receiver allows us to use an explicit
196           Intent when creating a PendingItent to be informed of the user's choice
197        -->
198        <receiver
198-->[:share_plus] AndroidManifest.xml:28:9-34:20
199            android:name="dev.fluttercommunity.plus.share.SharePlusPendingIntent"
199-->[:share_plus] AndroidManifest.xml:29:13-82
200            android:exported="false" >
200-->[:share_plus] AndroidManifest.xml:30:13-37
201            <intent-filter>
201-->[:share_plus] AndroidManifest.xml:31:13-33:29
202                <action android:name="EXTRA_CHOSEN_COMPONENT" />
202-->[:share_plus] AndroidManifest.xml:32:17-65
202-->[:share_plus] AndroidManifest.xml:32:25-62
203            </intent-filter>
204        </receiver>
205
206        <provider
206-->[:image_picker_android] AndroidManifest.xml:10:9-18:20
207            android:name="io.flutter.plugins.imagepicker.ImagePickerFileProvider"
207-->[:image_picker_android] AndroidManifest.xml:11:13-82
208            android:authorities="com.omar.academy.flutter.image_provider"
208-->[:image_picker_android] AndroidManifest.xml:12:13-74
209            android:exported="false"
209-->[:image_picker_android] AndroidManifest.xml:13:13-37
210            android:grantUriPermissions="true" >
210-->[:image_picker_android] AndroidManifest.xml:14:13-47
211            <meta-data
211-->[:share_plus] AndroidManifest.xml:20:13-22:68
212                android:name="android.support.FILE_PROVIDER_PATHS"
212-->[:share_plus] AndroidManifest.xml:21:17-67
213                android:resource="@xml/flutter_image_picker_file_paths" />
213-->[:share_plus] AndroidManifest.xml:22:17-65
214        </provider>
215
216        <receiver
216-->[:awesome_notifications] AndroidManifest.xml:15:9-17:39
217            android:name="me.carda.awesome_notifications.DartNotificationActionReceiver"
217-->[:awesome_notifications] AndroidManifest.xml:16:13-89
218            android:exported="true" />
218-->[:awesome_notifications] AndroidManifest.xml:17:13-36
219        <receiver
219-->[:awesome_notifications] AndroidManifest.xml:18:9-20:39
220            android:name="me.carda.awesome_notifications.DartDismissedNotificationReceiver"
220-->[:awesome_notifications] AndroidManifest.xml:19:13-92
221            android:exported="true" />
221-->[:awesome_notifications] AndroidManifest.xml:20:13-36
222        <receiver
222-->[:awesome_notifications] AndroidManifest.xml:21:9-23:39
223            android:name="me.carda.awesome_notifications.DartScheduledNotificationReceiver"
223-->[:awesome_notifications] AndroidManifest.xml:22:13-92
224            android:exported="true" />
224-->[:awesome_notifications] AndroidManifest.xml:23:13-36
225        <receiver
225-->[:awesome_notifications] AndroidManifest.xml:24:9-38:20
226            android:name="me.carda.awesome_notifications.DartRefreshSchedulesReceiver"
226-->[:awesome_notifications] AndroidManifest.xml:25:13-87
227            android:enabled="true"
227-->[:awesome_notifications] AndroidManifest.xml:26:13-35
228            android:exported="true" >
228-->[:awesome_notifications] AndroidManifest.xml:27:13-36
229            <intent-filter>
229-->[:awesome_notifications] AndroidManifest.xml:28:13-37:29
230                <category android:name="android.intent.category.DEFAULT" />
230-->[:awesome_notifications] AndroidManifest.xml:29:17-76
230-->[:awesome_notifications] AndroidManifest.xml:29:27-73
231
232                <action android:name="android.intent.action.BOOT_COMPLETED" />
232-->[:awesome_notifications] AndroidManifest.xml:31:17-79
232-->[:awesome_notifications] AndroidManifest.xml:31:25-76
233                <action android:name="android.intent.action.LOCKED_BOOT_COMPLETED" />
233-->[:awesome_notifications] AndroidManifest.xml:32:17-86
233-->[:awesome_notifications] AndroidManifest.xml:32:25-83
234                <action android:name="android.intent.action.MY_PACKAGE_REPLACED" />
234-->[:awesome_notifications] AndroidManifest.xml:33:17-84
234-->[:awesome_notifications] AndroidManifest.xml:33:25-81
235                <action android:name="android.intent.action.QUICKBOOT_POWERON" />
235-->[:awesome_notifications] AndroidManifest.xml:34:17-82
235-->[:awesome_notifications] AndroidManifest.xml:34:25-79
236                <action android:name="com.htc.intent.action.QUICKBOOT_POWERON" />
236-->[:awesome_notifications] AndroidManifest.xml:35:17-82
236-->[:awesome_notifications] AndroidManifest.xml:35:25-79
237                <action android:name="android.app.action.SCHEDULE_EXACT_ALARM_PERMISSION_STATE_CHANGED" />
237-->[:awesome_notifications] AndroidManifest.xml:36:17-107
237-->[:awesome_notifications] AndroidManifest.xml:36:25-104
238            </intent-filter>
239        </receiver>
240
241        <service
241-->[:awesome_notifications] AndroidManifest.xml:40:9-43:72
242            android:name="me.carda.awesome_notifications.DartBackgroundService"
242-->[:awesome_notifications] AndroidManifest.xml:41:13-80
243            android:exported="false"
243-->[:awesome_notifications] AndroidManifest.xml:42:13-37
244            android:permission="android.permission.BIND_JOB_SERVICE" />
244-->[:awesome_notifications] AndroidManifest.xml:43:13-69
245        <service
245-->[:awesome_notifications] AndroidManifest.xml:44:9-49:43
246            android:name="me.carda.awesome_notifications.core.services.ForegroundService"
246-->[:awesome_notifications] AndroidManifest.xml:45:13-90
247            android:enabled="true"
247-->[:awesome_notifications] AndroidManifest.xml:46:13-35
248            android:exported="false"
248-->[:awesome_notifications] AndroidManifest.xml:47:13-37
249            android:foregroundServiceType="phoneCall"
249-->[:awesome_notifications] AndroidManifest.xml:48:13-54
250            android:stopWithTask="true" />
250-->[:awesome_notifications] AndroidManifest.xml:49:13-40
251
252        <activity
252-->[:url_launcher_android] AndroidManifest.xml:10:9-13:74
253            android:name="io.flutter.plugins.urllauncher.WebViewActivity"
253-->[:url_launcher_android] AndroidManifest.xml:11:13-74
254            android:exported="false"
254-->[:url_launcher_android] AndroidManifest.xml:12:13-37
255            android:theme="@android:style/Theme.NoTitleBar.Fullscreen" />
255-->[:url_launcher_android] AndroidManifest.xml:13:13-71
256
257        <provider
257-->[:open_filex] AndroidManifest.xml:18:9-27:20
258            android:name="com.crazecoder.openfile.FileProvider"
258-->[:open_filex] AndroidManifest.xml:19:13-64
259            android:authorities="com.omar.academy.fileProvider.com.crazecoder.openfile"
259-->[:open_filex] AndroidManifest.xml:20:13-88
260            android:exported="false"
260-->[:open_filex] AndroidManifest.xml:21:13-37
261            android:grantUriPermissions="true" >
261-->[:open_filex] AndroidManifest.xml:22:13-47
262            <meta-data
262-->[:share_plus] AndroidManifest.xml:20:13-22:68
263                android:name="android.support.FILE_PROVIDER_PATHS"
263-->[:share_plus] AndroidManifest.xml:21:17-67
264                android:resource="@xml/filepaths" />
264-->[:share_plus] AndroidManifest.xml:22:17-65
265        </provider>
266
267        <service
267-->[me.carda:AndroidAwnCore:0.8.3] AndroidManifest.xml:21:9-28:19
268            android:name="me.carda.awesome_notifications.core.managers.StatusBarManager"
268-->[me.carda:AndroidAwnCore:0.8.3] AndroidManifest.xml:22:13-89
269            android:exported="true"
269-->[me.carda:AndroidAwnCore:0.8.3] AndroidManifest.xml:23:13-36
270            android:label="My Notification Listener Service" >
270-->[me.carda:AndroidAwnCore:0.8.3] AndroidManifest.xml:24:13-61
271            <intent-filter>
271-->[me.carda:AndroidAwnCore:0.8.3] AndroidManifest.xml:25:13-27:29
272                <action android:name="android.service.notification.NotificationListenerService" />
272-->[me.carda:AndroidAwnCore:0.8.3] AndroidManifest.xml:26:17-99
272-->[me.carda:AndroidAwnCore:0.8.3] AndroidManifest.xml:26:25-96
273            </intent-filter>
274        </service>
275
276        <provider
276-->[androidx.work:work-runtime:2.7.0] AndroidManifest.xml:31:9-39:20
277            android:name="androidx.startup.InitializationProvider"
277-->[androidx.work:work-runtime:2.7.0] AndroidManifest.xml:32:13-67
278            android:authorities="com.omar.academy.androidx-startup"
278-->[androidx.work:work-runtime:2.7.0] AndroidManifest.xml:33:13-68
279            android:exported="false" >
279-->[androidx.work:work-runtime:2.7.0] AndroidManifest.xml:34:13-37
280            <meta-data
280-->[androidx.work:work-runtime:2.7.0] AndroidManifest.xml:36:13-38:52
281                android:name="androidx.work.WorkManagerInitializer"
281-->[androidx.work:work-runtime:2.7.0] AndroidManifest.xml:37:17-68
282                android:value="androidx.startup" />
282-->[androidx.work:work-runtime:2.7.0] AndroidManifest.xml:38:17-49
283            <meta-data
283-->[androidx.emoji2:emoji2:1.2.0] AndroidManifest.xml:29:13-31:52
284                android:name="androidx.emoji2.text.EmojiCompatInitializer"
284-->[androidx.emoji2:emoji2:1.2.0] AndroidManifest.xml:30:17-75
285                android:value="androidx.startup" />
285-->[androidx.emoji2:emoji2:1.2.0] AndroidManifest.xml:31:17-49
286            <meta-data